0 info it worked if it ends with ok
1 verbose cli [ '/home/jamrizzi/.nvm/versions/node/v6.2.2/bin/node',
1 verbose cli   '/home/jamrizzi/.nvm/versions/node/v6.2.2/bin/npm',
1 verbose cli   'publish' ]
2 info using npm@3.9.5
3 info using node@v6.2.2
4 verbose publish [ '.' ]
5 silly cache add args [ '.', null ]
6 verbose cache add spec .
7 silly cache add parsed spec Result {
7 silly cache add   raw: '.',
7 silly cache add   scope: null,
7 silly cache add   name: null,
7 silly cache add   rawSpec: '.',
7 silly cache add   spec: '/home/jamrizzi/Projects/apparelhub/components/google-chart-react',
7 silly cache add   type: 'directory' }
8 verbose addLocalDirectory /home/jamrizzi/.npm/google-chart-react/1.0.0/package.tgz not in flight; packing
9 verbose correctMkdir /home/jamrizzi/.npm correctMkdir not in flight; initializing
10 info lifecycle google-chart-react@1.0.0~prepublish: google-chart-react@1.0.0
11 silly lifecycle google-chart-react@1.0.0~prepublish: no script for prepublish, continuing
12 verbose tar pack [ '/home/jamrizzi/.npm/google-chart-react/1.0.0/package.tgz',
12 verbose tar pack   '/home/jamrizzi/Projects/apparelhub/components/google-chart-react' ]
13 verbose tarball /home/jamrizzi/.npm/google-chart-react/1.0.0/package.tgz
14 verbose folder /home/jamrizzi/Projects/apparelhub/components/google-chart-react
15 verbose addLocalTarball adding from inside cache /home/jamrizzi/.npm/google-chart-react/1.0.0/package.tgz
16 verbose correctMkdir /home/jamrizzi/.npm correctMkdir not in flight; initializing
17 silly cache afterAdd google-chart-react@1.0.0
18 verbose afterAdd /home/jamrizzi/.npm/google-chart-react/1.0.0/package/package.json not in flight; writing
19 verbose correctMkdir /home/jamrizzi/.npm correctMkdir not in flight; initializing
20 verbose afterAdd /home/jamrizzi/.npm/google-chart-react/1.0.0/package/package.json written
21 silly publish { name: 'google-chart-react',
21 silly publish   version: '1.0.0',
21 silly publish   description: 'Google Chart',
21 silly publish   main: 'lib/GoogleChart.js',
21 silly publish   author: { name: 'Jam Risser' },
21 silly publish   homepage: 'https://github.com/jamrizzi/google-chart-react',
21 silly publish   repository:
21 silly publish    { type: 'git',
21 silly publish      url: 'git+https://github.com/jamrizzi/google-chart-react.git' },
21 silly publish   bugs: { url: 'https://github.com/jamrizzi/google-chart-react/issues' },
21 silly publish   dependencies:
21 silly publish    { classnames: '^2.1.2',
21 silly publish      invariant: '^2.2.1',
21 silly publish      'react-load-script': '0.0.2' },
21 silly publish   devDependencies:
21 silly publish    { 'babel-eslint': '^4.1.3',
21 silly publish      eslint: '^1.6.0',
21 silly publish      'eslint-plugin-react': '^3.5.1',
21 silly publish      gulp: '^3.9.0',
21 silly publish      react: '^0.14.0',
21 silly publish      'react-component-gulp-tasks': '^0.7.6',
21 silly publish      'react-dom': '^0.14.0' },
21 silly publish   peerDependencies: { react: '^0.14.0' },
21 silly publish   'browserify-shim': { react: 'global:React' },
21 silly publish   scripts:
21 silly publish    { build: 'gulp clean && NODE_ENV=production gulp build',
21 silly publish      examples: 'gulp dev:server',
21 silly publish      lint: 'eslint ./; true',
21 silly publish      'publish:site': 'NODE_ENV=production gulp publish:examples',
21 silly publish      release: 'NODE_ENV=production gulp release',
21 silly publish      start: 'gulp dev',
21 silly publish      test: 'echo "no tests yet" && exit 0',
21 silly publish      watch: 'gulp watch:lib' },
21 silly publish   keywords: [ 'react', 'react-component' ],
21 silly publish   readme: '# Google Chart\n\n__COMPONENT DESCRIPTION GOES HERE__\n\n\n## Demo & Examples\n\nLive demo: [jamrizzi.github.io/google-chart-react](http://jamrizzi.github.io/google-chart-react/)\n\nTo build the examples locally, run:\n\n```\nnpm install\nnpm start\n```\n\nThen open [`localhost:8000`](http://localhost:8000) in a browser.\n\n\n## Installation\n\nThe easiest way to use google-chart-react is to install it from NPM and include it in your own React build process (using [Browserify](http://browserify.org), [Webpack](http://webpack.github.io/), etc).\n\nYou can also use the standalone build by including `dist/google-chart-react.js` in your page. If you use this, make sure you have already included React, and it is available as a global variable.\n\n```\nnpm install google-chart-react --save\n```\n\n\n## Usage\n\n__EXPLAIN USAGE HERE__\n\n```\nvar GoogleChart = require(\'google-chart-react\');\n\n<GoogleChart>Example</GoogleChart>\n```\n\n### Properties\n\n* __DOCUMENT PROPERTIES HERE__\n\n### Notes\n\n__ADDITIONAL USAGE NOTES__\n\n\n## Development (`src`, `lib` and the build process)\n\n**NOTE:** The source code for the component is in `src`. A transpiled CommonJS version (generated with Babel) is available in `lib` for use with node.js, browserify and webpack. A UMD bundle is also built to `dist`, which can be included without the need for any build system.\n\nTo build, watch and serve the examples (which will also watch the component source), run `npm start`. If you just want to watch changes to `src` and rebuild `lib`, run `npm run watch` (this is useful if you are working with `npm link`).\n\n## License\n\n__PUT LICENSE HERE__\n\nCopyright (c) 2016 Jam Risser.\n\n',
21 silly publish   readmeFilename: 'README.md',
21 silly publish   gitHead: '2ae559eaad1ddc11e4afd766c9c0ede8bb3939d1',
21 silly publish   _id: 'google-chart-react@1.0.0',
21 silly publish   _shasum: 'dc1158224bd9aa728ee7ab53f8563aa952c9b51f',
21 silly publish   _from: '.' }
22 verbose getPublishConfig undefined
23 silly mapToRegistry name google-chart-react
24 silly mapToRegistry using default registry
25 silly mapToRegistry registry https://registry.npmjs.org/
26 silly mapToRegistry data Result {
26 silly mapToRegistry   raw: 'google-chart-react',
26 silly mapToRegistry   scope: null,
26 silly mapToRegistry   name: 'google-chart-react',
26 silly mapToRegistry   rawSpec: '',
26 silly mapToRegistry   spec: 'latest',
26 silly mapToRegistry   type: 'tag' }
27 silly mapToRegistry uri https://registry.npmjs.org/google-chart-react
28 verbose publish registryBase https://registry.npmjs.org/
29 silly publish uploading /home/jamrizzi/.npm/google-chart-react/1.0.0/package.tgz
30 verbose stack Error: auth required for publishing
30 verbose stack     at CachingRegistryClient.publish (/home/jamrizzi/.nvm/versions/node/v6.2.2/lib/node_modules/npm/node_modules/npm-registry-client/lib/publish.js:30:14)
30 verbose stack     at /home/jamrizzi/.nvm/versions/node/v6.2.2/lib/node_modules/npm/lib/publish.js:137:14
30 verbose stack     at mapToRegistry (/home/jamrizzi/.nvm/versions/node/v6.2.2/lib/node_modules/npm/lib/utils/map-to-registry.js:62:3)
30 verbose stack     at publish_ (/home/jamrizzi/.nvm/versions/node/v6.2.2/lib/node_modules/npm/lib/publish.js:106:3)
30 verbose stack     at Array.<anonymous> (/home/jamrizzi/.nvm/versions/node/v6.2.2/lib/node_modules/npm/node_modules/slide/lib/bind-actor.js:15:8)
30 verbose stack     at LOOP (/home/jamrizzi/.nvm/versions/node/v6.2.2/lib/node_modules/npm/node_modules/slide/lib/chain.js:15:14)
30 verbose stack     at LOOP (/home/jamrizzi/.nvm/versions/node/v6.2.2/lib/node_modules/npm/node_modules/slide/lib/chain.js:14:28)
30 verbose stack     at chain (/home/jamrizzi/.nvm/versions/node/v6.2.2/lib/node_modules/npm/node_modules/slide/lib/chain.js:20:5)
30 verbose stack     at /home/jamrizzi/.nvm/versions/node/v6.2.2/lib/node_modules/npm/lib/publish.js:72:5
30 verbose stack     at RES (/home/jamrizzi/.nvm/versions/node/v6.2.2/lib/node_modules/npm/node_modules/inflight/inflight.js:23:14)
31 verbose cwd /home/jamrizzi/Projects/apparelhub/components/google-chart-react
32 error Linux 4.4.0-28-generic
33 error argv "/home/jamrizzi/.nvm/versions/node/v6.2.2/bin/node" "/home/jamrizzi/.nvm/versions/node/v6.2.2/bin/npm" "publish"
34 error node v6.2.2
35 error npm  v3.9.5
36 error code ENEEDAUTH
37 error need auth auth required for publishing
38 error need auth You need to authorize this machine using `npm adduser`
39 verbose exit [ 1, true ]
